D, [2015-11-25T01:22:07.630088 #669] DEBUG -- :   [1m[36m (18.2ms)[0m  [1mCREATE TABLE "movies" ("id" serial primary key, "title" character varying, "producer" character varying, "genre" character varying, "year" character varying, "rating" integer, "urlink" character varying, "synopsys" text) [0m
D, [2015-11-25T01:22:07.905969 #669] DEBUG -- :   [1m[35m (10.8ms)[0m  CREATE TABLE "schema_migrations" ("version" character varying NOT NULL) 
D, [2015-11-25T01:22:07.924464 #669] DEBUG -- :   [1m[36m (9.3ms)[0m  [1mCREATE UNIQUE INDEX  "unique_schema_migrations" ON "schema_migrations"  ("version")[0m
D, [2015-11-25T01:22:07.929071 #669] DEBUG -- :   [1m[35m (3.6ms)[0m  SELECT version FROM "schema_migrations"
D, [2015-11-25T01:22:07.936969 #669] DEBUG -- :   [1m[36m (3.2ms)[0m  [1mINSERT INTO "schema_migrations" (version) VALUES ('20151120035107')[0m
D, [2015-11-25T04:38:19.230002 #660] DEBUG -- :   [1m[36m (23.1ms)[0m  [1mCREATE TABLE "movies" ("id" serial primary key, "title" character varying, "producer" character varying, "genre" character varying, "year" character varying, "rating" integer, "urlink" character varying, "synopsys" text) [0m
D, [2015-11-25T04:38:19.662299 #660] DEBUG -- :   [1m[35m (7.1ms)[0m  CREATE TABLE "schema_migrations" ("version" character varying NOT NULL) 
D, [2015-11-25T04:38:19.681629 #660] DEBUG -- :   [1m[36m (7.8ms)[0m  [1mCREATE UNIQUE INDEX  "unique_schema_migrations" ON "schema_migrations"  ("version")[0m
D, [2015-11-25T04:38:19.685775 #660] DEBUG -- :   [1m[35m (1.4ms)[0m  SELECT version FROM "schema_migrations"
D, [2015-11-25T04:38:19.694727 #660] DEBUG -- :   [1m[36m (3.7ms)[0m  [1mINSERT INTO "schema_migrations" (version) VALUES ('20151120035107')[0m
D, [2015-11-25T04:43:16.860521 #1618] DEBUG -- :   [1m[36m (27.5ms)[0m  [1mDROP TABLE "movies" CASCADE[0m
D, [2015-11-25T04:43:16.883958 #1618] DEBUG -- :   [1m[35m (16.7ms)[0m  CREATE TABLE "movies" ("id" serial primary key, "title" character varying, "producer" character varying, "genre" character varying, "year" character varying, "rating" integer, "urlink" character varying, "synopsys" text) 
D, [2015-11-25T04:43:17.603775 #1618] DEBUG -- :   [1m[36m (0.8ms)[0m  [1mSELECT version FROM "schema_migrations"[0m
D, [2015-11-25T07:58:26.686415 #649] DEBUG -- :   [1m[36m (19.0ms)[0m  [1mCREATE TABLE "movies" ("id" serial primary key, "title" character varying, "producer" character varying, "genre" character varying, "year" character varying, "rating" integer, "urlink" character varying, "synopsys" text) [0m
D, [2015-11-25T07:58:27.050931 #649] DEBUG -- :   [1m[35m (8.5ms)[0m  CREATE TABLE "schema_migrations" ("version" character varying NOT NULL) 
D, [2015-11-25T07:58:27.067016 #649] DEBUG -- :   [1m[36m (8.9ms)[0m  [1mCREATE UNIQUE INDEX  "unique_schema_migrations" ON "schema_migrations"  ("version")[0m
D, [2015-11-25T07:58:27.069714 #649] DEBUG -- :   [1m[35m (1.4ms)[0m  SELECT version FROM "schema_migrations"
D, [2015-11-25T07:58:27.077991 #649] DEBUG -- :   [1m[36m (4.1ms)[0m  [1mINSERT INTO "schema_migrations" (version) VALUES ('20151120035107')[0m
D, [2015-11-25T09:31:49.267037 #612] DEBUG -- :   [1m[36m (11.0ms)[0m  [1mCREATE TABLE "schema_migrations" ("version" character varying NOT NULL) [0m
D, [2015-11-25T09:31:49.286926 #612] DEBUG -- :   [1m[35m (10.7ms)[0m  CREATE UNIQUE INDEX  "unique_schema_migrations" ON "schema_migrations"  ("version")
D, [2015-11-25T09:31:49.291742 #612] DEBUG -- :   [1m[36mActiveRecord::SchemaMigration Load (1.2ms)[0m  [1mSELECT "schema_migrations".* FROM "schema_migrations"[0m
I, [2015-11-25T09:31:49.315865 #612]  INFO -- : Migrating to CreateMovies (20151120035107)
D, [2015-11-25T09:31:49.335365 #612] DEBUG -- :   [1m[35m (0.8ms)[0m  BEGIN
D, [2015-11-25T09:31:49.351249 #612] DEBUG -- :   [1m[36m (14.4ms)[0m  [1mCREATE TABLE "movies" ("id" serial primary key, "title" character varying, "producer" character varying, "genre" character varying, "year" character varying, "rating" integer, "urlink" character varying, "synopsys" text) [0m
D, [2015-11-25T09:31:49.447595 #612] DEBUG -- :   [1m[35mSQL (2.5ms)[0m  INSERT INTO "schema_migrations" ("version") VALUES ($1)  [["version", "20151120035107"]]
D, [2015-11-25T09:31:49.453360 #612] DEBUG -- :   [1m[36m (4.5ms)[0m  [1mCOMMIT[0m
I, [2015-11-25T09:32:38.710452 #815]  INFO -- : Started GET "/" for 10.0.2.2 at 2015-11-25 09:32:38 +0000
I, [2015-11-25T09:32:38.770396 #815]  INFO -- : Processing by MainController#index as HTML
I, [2015-11-25T09:32:39.005861 #815]  INFO -- :   Rendered main/index.html.erb within layouts/application (0.4ms)
I, [2015-11-25T09:32:39.011678 #815]  INFO -- : Completed 200 OK in 240ms (Views: 233.5ms | ActiveRecord: 0.0ms)
I, [2015-11-25T09:33:14.452555 #815]  INFO -- : Started GET "/movies" for 10.0.2.2 at 2015-11-25 09:33:14 +0000
F, [2015-11-25T09:33:14.456316 #815] FATAL -- : 
ActionController::RoutingError (No route matches [GET] "/movies"):
  actionpack (4.2.5) lib/action_dispatch/middleware/debug_exceptions.rb:21:in `call'
  actionpack (4.2.5) lib/action_dispatch/middleware/show_exceptions.rb:30:in `call'
  railties (4.2.5) lib/rails/rack/logger.rb:38:in `call_app'
  railties (4.2.5) lib/rails/rack/logger.rb:20:in `block in call'
  activesupport (4.2.5) lib/active_support/tagged_logging.rb:68:in `block in tagged'
  activesupport (4.2.5) lib/active_support/tagged_logging.rb:26:in `tagged'
  activesupport (4.2.5) lib/active_support/tagged_logging.rb:68:in `tagged'
  railties (4.2.5) lib/rails/rack/logger.rb:20:in `call'
  actionpack (4.2.5) lib/action_dispatch/middleware/request_id.rb:21:in `call'
  rack (1.6.4) lib/rack/methodoverride.rb:22:in `call'
  rack (1.6.4) lib/rack/runtime.rb:18:in `call'
  activesupport (4.2.5) lib/active_support/cache/strategy/local_cache_middleware.rb:28:in `call'
  rack (1.6.4) lib/rack/sendfile.rb:113:in `call'
  railties (4.2.5) lib/rails/engine.rb:518:in `call'
  railties (4.2.5) lib/rails/application.rb:165:in `call'
  /usr/lib/ruby/vendor_ruby/phusion_passenger/rack/thread_handler_extension.rb:77:in `process_request'
  /usr/lib/ruby/vendor_ruby/phusion_passenger/request_handler/thread_handler.rb:142:in `accept_and_process_next_request'
  /usr/lib/ruby/vendor_ruby/phusion_passenger/request_handler/thread_handler.rb:110:in `main_loop'
  /usr/lib/ruby/vendor_ruby/phusion_passenger/request_handler.rb:448:in `block (3 levels) in start_threads'


I, [2015-11-25T09:33:18.121330 #815]  INFO -- : Started GET "/movies/index" for 10.0.2.2 at 2015-11-25 09:33:18 +0000
F, [2015-11-25T09:33:18.123462 #815] FATAL -- : 
ActionController::RoutingError (No route matches [GET] "/movies/index"):
  actionpack (4.2.5) lib/action_dispatch/middleware/debug_exceptions.rb:21:in `call'
  actionpack (4.2.5) lib/action_dispatch/middleware/show_exceptions.rb:30:in `call'
  railties (4.2.5) lib/rails/rack/logger.rb:38:in `call_app'
  railties (4.2.5) lib/rails/rack/logger.rb:20:in `block in call'
  activesupport (4.2.5) lib/active_support/tagged_logging.rb:68:in `block in tagged'
  activesupport (4.2.5) lib/active_support/tagged_logging.rb:26:in `tagged'
  activesupport (4.2.5) lib/active_support/tagged_logging.rb:68:in `tagged'
  railties (4.2.5) lib/rails/rack/logger.rb:20:in `call'
  actionpack (4.2.5) lib/action_dispatch/middleware/request_id.rb:21:in `call'
  rack (1.6.4) lib/rack/methodoverride.rb:22:in `call'
  rack (1.6.4) lib/rack/runtime.rb:18:in `call'
  activesupport (4.2.5) lib/active_support/cache/strategy/local_cache_middleware.rb:28:in `call'
  rack (1.6.4) lib/rack/sendfile.rb:113:in `call'
  railties (4.2.5) lib/rails/engine.rb:518:in `call'
  railties (4.2.5) lib/rails/application.rb:165:in `call'
  /usr/lib/ruby/vendor_ruby/phusion_passenger/rack/thread_handler_extension.rb:77:in `process_request'
  /usr/lib/ruby/vendor_ruby/phusion_passenger/request_handler/thread_handler.rb:142:in `accept_and_process_next_request'
  /usr/lib/ruby/vendor_ruby/phusion_passenger/request_handler/thread_handler.rb:110:in `main_loop'
  /usr/lib/ruby/vendor_ruby/phusion_passenger/request_handler.rb:448:in `block (3 levels) in start_threads'


I, [2015-11-25T09:33:20.263617 #815]  INFO -- : Started GET "/movies/index" for 10.0.2.2 at 2015-11-25 09:33:20 +0000
F, [2015-11-25T09:33:20.265178 #815] FATAL -- : 
ActionController::RoutingError (No route matches [GET] "/movies/index"):
  actionpack (4.2.5) lib/action_dispatch/middleware/debug_exceptions.rb:21:in `call'
  actionpack (4.2.5) lib/action_dispatch/middleware/show_exceptions.rb:30:in `call'
  railties (4.2.5) lib/rails/rack/logger.rb:38:in `call_app'
  railties (4.2.5) lib/rails/rack/logger.rb:20:in `block in call'
  activesupport (4.2.5) lib/active_support/tagged_logging.rb:68:in `block in tagged'
  activesupport (4.2.5) lib/active_support/tagged_logging.rb:26:in `tagged'
  activesupport (4.2.5) lib/active_support/tagged_logging.rb:68:in `tagged'
  railties (4.2.5) lib/rails/rack/logger.rb:20:in `call'
  actionpack (4.2.5) lib/action_dispatch/middleware/request_id.rb:21:in `call'
  rack (1.6.4) lib/rack/methodoverride.rb:22:in `call'
  rack (1.6.4) lib/rack/runtime.rb:18:in `call'
  activesupport (4.2.5) lib/active_support/cache/strategy/local_cache_middleware.rb:28:in `call'
  rack (1.6.4) lib/rack/sendfile.rb:113:in `call'
  railties (4.2.5) lib/rails/engine.rb:518:in `call'
  railties (4.2.5) lib/rails/application.rb:165:in `call'
  /usr/lib/ruby/vendor_ruby/phusion_passenger/rack/thread_handler_extension.rb:77:in `process_request'
  /usr/lib/ruby/vendor_ruby/phusion_passenger/request_handler/thread_handler.rb:142:in `accept_and_process_next_request'
  /usr/lib/ruby/vendor_ruby/phusion_passenger/request_handler/thread_handler.rb:110:in `main_loop'
  /usr/lib/ruby/vendor_ruby/phusion_passenger/request_handler.rb:448:in `block (3 levels) in start_threads'


I, [2015-11-25T09:33:21.819822 #815]  INFO -- : Started GET "/movies" for 10.0.2.2 at 2015-11-25 09:33:21 +0000
F, [2015-11-25T09:33:21.821206 #815] FATAL -- : 
ActionController::RoutingError (No route matches [GET] "/movies"):
  actionpack (4.2.5) lib/action_dispatch/middleware/debug_exceptions.rb:21:in `call'
  actionpack (4.2.5) lib/action_dispatch/middleware/show_exceptions.rb:30:in `call'
  railties (4.2.5) lib/rails/rack/logger.rb:38:in `call_app'
  railties (4.2.5) lib/rails/rack/logger.rb:20:in `block in call'
  activesupport (4.2.5) lib/active_support/tagged_logging.rb:68:in `block in tagged'
  activesupport (4.2.5) lib/active_support/tagged_logging.rb:26:in `tagged'
  activesupport (4.2.5) lib/active_support/tagged_logging.rb:68:in `tagged'
  railties (4.2.5) lib/rails/rack/logger.rb:20:in `call'
  actionpack (4.2.5) lib/action_dispatch/middleware/request_id.rb:21:in `call'
  rack (1.6.4) lib/rack/methodoverride.rb:22:in `call'
  rack (1.6.4) lib/rack/runtime.rb:18:in `call'
  activesupport (4.2.5) lib/active_support/cache/strategy/local_cache_middleware.rb:28:in `call'
  rack (1.6.4) lib/rack/sendfile.rb:113:in `call'
  railties (4.2.5) lib/rails/engine.rb:518:in `call'
  railties (4.2.5) lib/rails/application.rb:165:in `call'
  /usr/lib/ruby/vendor_ruby/phusion_passenger/rack/thread_handler_extension.rb:77:in `process_request'
  /usr/lib/ruby/vendor_ruby/phusion_passenger/request_handler/thread_handler.rb:142:in `accept_and_process_next_request'
  /usr/lib/ruby/vendor_ruby/phusion_passenger/request_handler/thread_handler.rb:110:in `main_loop'
  /usr/lib/ruby/vendor_ruby/phusion_passenger/request_handler.rb:448:in `block (3 levels) in start_threads'


I, [2015-11-25T09:33:24.462918 #815]  INFO -- : Started GET "/" for 10.0.2.2 at 2015-11-25 09:33:24 +0000
I, [2015-11-25T09:33:24.468451 #815]  INFO -- : Processing by MainController#index as HTML
I, [2015-11-25T09:33:24.470979 #815]  INFO -- :   Rendered main/index.html.erb within layouts/application (0.1ms)
I, [2015-11-25T09:33:24.472543 #815]  INFO -- : Completed 200 OK in 3ms (Views: 1.9ms | ActiveRecord: 0.0ms)
D, [2015-11-25T22:22:18.535938 #21939] DEBUG -- :   [1m[36mActiveRecord::SchemaMigration Load (15.6ms)[0m  [1mSELECT "schema_migrations".* FROM "schema_migrations"[0m
I, [2015-11-25T22:23:00.140135 #22161]  INFO -- : Started GET "/" for 10.0.2.2 at 2015-11-25 22:23:00 +0000
I, [2015-11-25T22:23:00.208761 #22161]  INFO -- : Processing by MainController#index as HTML
I, [2015-11-25T22:23:00.442162 #22161]  INFO -- :   Rendered main/index.html.erb within layouts/application (1.8ms)
I, [2015-11-25T22:23:00.449667 #22161]  INFO -- : Completed 200 OK in 240ms (Views: 233.0ms | ActiveRecord: 0.0ms)
I, [2015-11-25T22:23:01.021538 #22161]  INFO -- : Started GET "/placeholder" for 10.0.2.2 at 2015-11-25 22:23:01 +0000
F, [2015-11-25T22:23:01.023769 #22161] FATAL -- : 
ActionController::RoutingError (No route matches [GET] "/placeholder"):
  actionpack (4.2.5) lib/action_dispatch/middleware/debug_exceptions.rb:21:in `call'
  actionpack (4.2.5) lib/action_dispatch/middleware/show_exceptions.rb:30:in `call'
  railties (4.2.5) lib/rails/rack/logger.rb:38:in `call_app'
  railties (4.2.5) lib/rails/rack/logger.rb:20:in `block in call'
  activesupport (4.2.5) lib/active_support/tagged_logging.rb:68:in `block in tagged'
  activesupport (4.2.5) lib/active_support/tagged_logging.rb:26:in `tagged'
  activesupport (4.2.5) lib/active_support/tagged_logging.rb:68:in `tagged'
  railties (4.2.5) lib/rails/rack/logger.rb:20:in `call'
  actionpack (4.2.5) lib/action_dispatch/middleware/request_id.rb:21:in `call'
  rack (1.6.4) lib/rack/methodoverride.rb:22:in `call'
  rack (1.6.4) lib/rack/runtime.rb:18:in `call'
  activesupport (4.2.5) lib/active_support/cache/strategy/local_cache_middleware.rb:28:in `call'
  rack (1.6.4) lib/rack/sendfile.rb:113:in `call'
  railties (4.2.5) lib/rails/engine.rb:518:in `call'
  railties (4.2.5) lib/rails/application.rb:165:in `call'
  /usr/lib/ruby/vendor_ruby/phusion_passenger/rack/thread_handler_extension.rb:77:in `process_request'
  /usr/lib/ruby/vendor_ruby/phusion_passenger/request_handler/thread_handler.rb:142:in `accept_and_process_next_request'
  /usr/lib/ruby/vendor_ruby/phusion_passenger/request_handler/thread_handler.rb:110:in `main_loop'
  /usr/lib/ruby/vendor_ruby/phusion_passenger/request_handler.rb:448:in `block (3 levels) in start_threads'


I, [2015-11-25T22:24:14.694388 #22161]  INFO -- : Started GET "/place%20holder" for 10.0.2.2 at 2015-11-25 22:24:14 +0000
F, [2015-11-25T22:24:14.695964 #22161] FATAL -- : 
ActionController::RoutingError (No route matches [GET] "/place%20holder"):
  actionpack (4.2.5) lib/action_dispatch/middleware/debug_exceptions.rb:21:in `call'
  actionpack (4.2.5) lib/action_dispatch/middleware/show_exceptions.rb:30:in `call'
  railties (4.2.5) lib/rails/rack/logger.rb:38:in `call_app'
  railties (4.2.5) lib/rails/rack/logger.rb:20:in `block in call'
  activesupport (4.2.5) lib/active_support/tagged_logging.rb:68:in `block in tagged'
  activesupport (4.2.5) lib/active_support/tagged_logging.rb:26:in `tagged'
  activesupport (4.2.5) lib/active_support/tagged_logging.rb:68:in `tagged'
  railties (4.2.5) lib/rails/rack/logger.rb:20:in `call'
  actionpack (4.2.5) lib/action_dispatch/middleware/request_id.rb:21:in `call'
  rack (1.6.4) lib/rack/methodoverride.rb:22:in `call'
  rack (1.6.4) lib/rack/runtime.rb:18:in `call'
  activesupport (4.2.5) lib/active_support/cache/strategy/local_cache_middleware.rb:28:in `call'
  rack (1.6.4) lib/rack/sendfile.rb:113:in `call'
  railties (4.2.5) lib/rails/engine.rb:518:in `call'
  railties (4.2.5) lib/rails/application.rb:165:in `call'
  /usr/lib/ruby/vendor_ruby/phusion_passenger/rack/thread_handler_extension.rb:77:in `process_request'
  /usr/lib/ruby/vendor_ruby/phusion_passenger/request_handler/thread_handler.rb:142:in `accept_and_process_next_request'
  /usr/lib/ruby/vendor_ruby/phusion_passenger/request_handler/thread_handler.rb:110:in `main_loop'
  /usr/lib/ruby/vendor_ruby/phusion_passenger/request_handler.rb:448:in `block (3 levels) in start_threads'


I, [2015-11-25T22:24:14.732563 #22161]  INFO -- : Started GET "/place%20holder" for 10.0.2.2 at 2015-11-25 22:24:14 +0000
F, [2015-11-25T22:24:14.734628 #22161] FATAL -- : 
ActionController::RoutingError (No route matches [GET] "/place%20holder"):
  actionpack (4.2.5) lib/action_dispatch/middleware/debug_exceptions.rb:21:in `call'
  actionpack (4.2.5) lib/action_dispatch/middleware/show_exceptions.rb:30:in `call'
  railties (4.2.5) lib/rails/rack/logger.rb:38:in `call_app'
  railties (4.2.5) lib/rails/rack/logger.rb:20:in `block in call'
  activesupport (4.2.5) lib/active_support/tagged_logging.rb:68:in `block in tagged'
  activesupport (4.2.5) lib/active_support/tagged_logging.rb:26:in `tagged'
  activesupport (4.2.5) lib/active_support/tagged_logging.rb:68:in `tagged'
  railties (4.2.5) lib/rails/rack/logger.rb:20:in `call'
  actionpack (4.2.5) lib/action_dispatch/middleware/request_id.rb:21:in `call'
  rack (1.6.4) lib/rack/methodoverride.rb:22:in `call'
  rack (1.6.4) lib/rack/runtime.rb:18:in `call'
  activesupport (4.2.5) lib/active_support/cache/strategy/local_cache_middleware.rb:28:in `call'
  rack (1.6.4) lib/rack/sendfile.rb:113:in `call'
  railties (4.2.5) lib/rails/engine.rb:518:in `call'
  railties (4.2.5) lib/rails/application.rb:165:in `call'
  /usr/lib/ruby/vendor_ruby/phusion_passenger/rack/thread_handler_extension.rb:77:in `process_request'
  /usr/lib/ruby/vendor_ruby/phusion_passenger/request_handler/thread_handler.rb:142:in `accept_and_process_next_request'
  /usr/lib/ruby/vendor_ruby/phusion_passenger/request_handler/thread_handler.rb:110:in `main_loop'
  /usr/lib/ruby/vendor_ruby/phusion_passenger/request_handler.rb:448:in `block (3 levels) in start_threads'


D, [2015-11-25T22:31:57.036397 #23010] DEBUG -- :   [1m[36mActiveRecord::SchemaMigration Load (8.0ms)[0m  [1mSELECT "schema_migrations".* FROM "schema_migrations"[0m
I, [2015-11-25T22:36:59.946710 #23236]  INFO -- : Started GET "/" for 10.0.2.2 at 2015-11-25 22:36:59 +0000
I, [2015-11-25T22:36:59.998411 #23236]  INFO -- : Processing by MainController#index as HTML
I, [2015-11-25T22:37:00.219371 #23236]  INFO -- :   Rendered main/index.html.erb within layouts/application (0.8ms)
I, [2015-11-25T22:37:00.223546 #23236]  INFO -- : Completed 200 OK in 224ms (Views: 219.0ms | ActiveRecord: 0.0ms)
I, [2015-11-25T22:37:00.469372 #23236]  INFO -- : Started GET "/placeholder" for 10.0.2.2 at 2015-11-25 22:37:00 +0000
F, [2015-11-25T22:37:00.471880 #23236] FATAL -- : 
ActionController::RoutingError (No route matches [GET] "/placeholder"):
  actionpack (4.2.5) lib/action_dispatch/middleware/debug_exceptions.rb:21:in `call'
  actionpack (4.2.5) lib/action_dispatch/middleware/show_exceptions.rb:30:in `call'
  railties (4.2.5) lib/rails/rack/logger.rb:38:in `call_app'
  railties (4.2.5) lib/rails/rack/logger.rb:20:in `block in call'
  activesupport (4.2.5) lib/active_support/tagged_logging.rb:68:in `block in tagged'
  activesupport (4.2.5) lib/active_support/tagged_logging.rb:26:in `tagged'
  activesupport (4.2.5) lib/active_support/tagged_logging.rb:68:in `tagged'
  railties (4.2.5) lib/rails/rack/logger.rb:20:in `call'
  actionpack (4.2.5) lib/action_dispatch/middleware/request_id.rb:21:in `call'
  rack (1.6.4) lib/rack/methodoverride.rb:22:in `call'
  rack (1.6.4) lib/rack/runtime.rb:18:in `call'
  activesupport (4.2.5) lib/active_support/cache/strategy/local_cache_middleware.rb:28:in `call'
  rack (1.6.4) lib/rack/sendfile.rb:113:in `call'
  railties (4.2.5) lib/rails/engine.rb:518:in `call'
  railties (4.2.5) lib/rails/application.rb:165:in `call'
  /usr/lib/ruby/vendor_ruby/phusion_passenger/rack/thread_handler_extension.rb:77:in `process_request'
  /usr/lib/ruby/vendor_ruby/phusion_passenger/request_handler/thread_handler.rb:142:in `accept_and_process_next_request'
  /usr/lib/ruby/vendor_ruby/phusion_passenger/request_handler/thread_handler.rb:110:in `main_loop'
  /usr/lib/ruby/vendor_ruby/phusion_passenger/request_handler.rb:448:in `block (3 levels) in start_threads'


I, [2015-11-25T22:37:43.104753 #23236]  INFO -- : Started GET "/movies" for 10.0.2.2 at 2015-11-25 22:37:43 +0000
I, [2015-11-25T22:37:43.111069 #23236]  INFO -- : Processing by MoviesController#index as HTML
D, [2015-11-25T22:37:43.239202 #23236] DEBUG -- :   [1m[36mMovie Load (2.6ms)[0m  [1mSELECT "movies".* FROM "movies"[0m
I, [2015-11-25T22:37:43.353564 #23236]  INFO -- :   Rendered movies/index.html.erb within layouts/application (117.9ms)
I, [2015-11-25T22:37:43.355021 #23236]  INFO -- : Completed 200 OK in 243ms (Views: 150.2ms | ActiveRecord: 91.3ms)
I, [2015-11-25T22:56:35.964109 #23236]  INFO -- : Started GET "/movies" for 10.0.2.2 at 2015-11-25 22:56:35 +0000
I, [2015-11-25T22:56:35.969301 #23236]  INFO -- : Processing by MoviesController#index as HTML
D, [2015-11-25T22:56:35.974951 #23236] DEBUG -- :   [1m[35mMovie Load (2.3ms)[0m  SELECT "movies".* FROM "movies"
I, [2015-11-25T22:56:35.978916 #23236]  INFO -- :   Rendered movies/index.html.erb within layouts/application (6.8ms)
I, [2015-11-25T22:56:35.980668 #23236]  INFO -- : Completed 200 OK in 11ms (Views: 6.9ms | ActiveRecord: 2.3ms)
D, [2015-11-25T22:58:50.895163 #24418] DEBUG -- :   [1m[36mActiveRecord::SchemaMigration Load (1.2ms)[0m  [1mSELECT "schema_migrations".* FROM "schema_migrations"[0m
I, [2015-11-25T23:09:08.793916 #24658]  INFO -- : Started GET "/movies" for 10.0.2.2 at 2015-11-25 23:09:08 +0000
I, [2015-11-25T23:09:08.847466 #24658]  INFO -- : Processing by MoviesController#index as HTML
D, [2015-11-25T23:09:09.101666 #24658] DEBUG -- :   [1m[36mMovie Load (5.4ms)[0m  [1mSELECT "movies".* FROM "movies"[0m
I, [2015-11-25T23:09:09.186010 #24658]  INFO -- :   Rendered movies/index.html.erb within layouts/application (91.1ms)
I, [2015-11-25T23:09:09.192057 #24658]  INFO -- : Completed 200 OK in 344ms (Views: 328.2ms | ActiveRecord: 8.6ms)
I, [2015-11-26T00:55:36.302336 #2931]  INFO -- : Started GET "/movies" for 10.0.2.2 at 2015-11-26 00:55:36 +0000
I, [2015-11-26T00:55:36.477658 #2931]  INFO -- : Processing by MoviesController#index as HTML
D, [2015-11-26T00:55:36.692475 #2931] DEBUG -- :   [1m[36mMovie Load (2.2ms)[0m  [1mSELECT "movies".* FROM "movies"[0m
I, [2015-11-26T00:55:36.813789 #2931]  INFO -- :   Rendered movies/index.html.erb within layouts/application (129.0ms)
I, [2015-11-26T00:55:36.818676 #2931]  INFO -- : Completed 200 OK in 340ms (Views: 290.5ms | ActiveRecord: 48.8ms)
